<?xml version="1.0" encoding="UTF-8"?>
<coverage generated="1594961675004" clover="3.2.0">
  <project timestamp="1594961675004" name="All files">
    <metrics statements="11" coveredstatements="10" conditionals="2" coveredconditionals="2" methods="6" coveredmethods="5" elements="19" coveredelements="17" complexity="0" loc="11" ncloc="11" packages="1" files="1" classes="1"/>
    <file name="sum.js" path="D:\gitspace\dance-vue\src\sum.js">
      <metrics statements="11" coveredstatements="10" conditionals="2" coveredconditionals="2" methods="6" coveredmethods="5"/>
      <line num="11" count="2" type="stmt"/>
      <line num="14" count="5" type="stmt"/>
      <line num="20" count="2" type="cond" truecount="2" falsecount="0"/>
      <line num="21" count="1" type="stmt"/>
      <line num="24" count="1" type="stmt"/>
      <line num="25" count="1" type="stmt"/>
      <line num="26" count="3" type="stmt"/>
      <line num="29" count="1" type="stmt"/>
      <line num="32" count="2" type="stmt"/>
      <line num="33" count="2" type="stmt"/>
      <line num="34" count="0" type="stmt"/>
    </file>
  </project>
</coverage>
