{"D:\\gitspace\\dance-vue\\src\\sum.js": {"path":"D:\\gitspace\\dance-vue\\src\\sum.js","statementMap":{"0":{"start":{"line":11,"column":8},"end":{"line":11,"column":21}},"1":{"start":{"line":14,"column":8},"end":{"line":17,"column":9}},"2":{"start":{"line":20,"column":8},"end":{"line":22,"column":9}},"3":{"start":{"line":21,"column":12},"end":{"line":21,"column":51}},"4":{"start":{"line":24,"column":21},"end":{"line":24,"column":23}},"5":{"start":{"line":25,"column":8},"end":{"line":27,"column":9}},"6":{"start":{"line":25,"column":21},"end":{"line":25,"column":22}},"7":{"start":{"line":25,"column":30},"end":{"line":25,"column":33}},"8":{"start":{"line":26,"column":12},"end":{"line":26,"column":27}},"9":{"start":{"line":29,"column":8},"end":{"line":29,"column":22}},"10":{"start":{"line":32,"column":8},"end":{"line":34,"column":48}},"11":{"start":{"line":33,"column":25},"end":{"line":33,"column":33}},"12":{"start":{"line":34,"column":28},"end":{"line":34,"column":46}}},"fnMap":{"0":{"name":"(anonymous_0)","decl":{"start":{"line":10,"column":4},"end":{"line":10,"column":5}},"loc":{"start":{"line":10,"column":14},"end":{"line":12,"column":5}},"line":10},"1":{"name":"(anonymous_1)","decl":{"start":{"line":13,"column":4},"end":{"line":13,"column":5}},"loc":{"start":{"line":13,"column":16},"end":{"line":18,"column":5}},"line":13},"2":{"name":"(anonymous_2)","decl":{"start":{"line":19,"column":4},"end":{"line":19,"column":5}},"loc":{"start":{"line":19,"column":21},"end":{"line":30,"column":5}},"line":19},"3":{"name":"(anonymous_3)","decl":{"start":{"line":31,"column":4},"end":{"line":31,"column":5}},"loc":{"start":{"line":31,"column":16},"end":{"line":35,"column":5}},"line":31},"4":{"name":"(anonymous_4)","decl":{"start":{"line":33,"column":18},"end":{"line":33,"column":19}},"loc":{"start":{"line":33,"column":25},"end":{"line":33,"column":33}},"line":33},"5":{"name":"(anonymous_5)","decl":{"start":{"line":34,"column":19},"end":{"line":34,"column":20}},"loc":{"start":{"line":34,"column":28},"end":{"line":34,"column":46}},"line":34}},"branchMap":{"0":{"loc":{"start":{"line":20,"column":8},"end":{"line":22,"column":9}},"type":"if","locations":[{"start":{"line":20,"column":8},"end":{"line":22,"column":9}},{"start":{"line":20,"column":8},"end":{"line":22,"column":9}}],"line":20}},"s":{"0":2,"1":5,"2":2,"3":1,"4":1,"5":1,"6":1,"7":1,"8":3,"9":1,"10":2,"11":2,"12":0},"f":{"0":2,"1":5,"2":2,"3":2,"4":2,"5":0},"b":{"0":[1,1]},"_coverageSchema":"1a1c01bbd47fc00a2c39e90264f33305004495a9","hash":"fefc1dd1b2bb246674621f46f5872ade2fa71926"}
}
